Post Processor Report
OrCAD FILE: D:\UTENTI\00.LAVORI IN CORSO\METALTRONICA\22-304A-0\22-304A-0.MAX
Thu May 02 15:30:12 2024

*********************************************************

Output file: D:\UTENTI\00.LAVORI IN CORSO\METALTRONICA\22-304A-0\22-304A-0.TOP

Aperture totals for D:\UTENTI\00.LAVORI IN CORSO\METALTRONICA\22-304A-0\22-304A-0.TOP:
---------------------------------------------------------
D10:  0.1260 ROUND  --       0 Draws,       2 Flashes
D11:  0.0394 ROUND  --       0 Draws,       3 Flashes
D12:  0.0380 x 0.0320 RECTANGLE -----       8 Flashes
D13:  0.0501 x 0.0404 RECTANGLE -----       4 Flashes
D14:  0.0630 x 0.1260 RECTANGLE -----       2 Flashes
D15:  0.0710 x 0.0400 RECTANGLE -----       2 Flashes
D16:  0.0550 x 0.0350 RECTANGLE -----       2 Flashes
D17:  0.0350 x 0.0550 RECTANGLE -----       2 Flashes
D18:  0.0550 x 0.0350 RECTANGLE -----       4 Flashes
D19:  0.0197 x 0.0315 RECTANGLE -----       4 Flashes
D20:  0.0501 x 0.0404 RECTANGLE -----       6 Flashes
D21:  0.0118 x 0.0472 RECTANGLE -----      14 Flashes
D22:  0.1063 x 0.1181 RECTANGLE -----       2 Flashes
D23:  0.0590 SQUARE --       0 Draws,       3 Flashes
D24:  0.0590 ROUND  --       0 Draws,      21 Flashes
D25:  0.0500 x 0.0400 RECTANGLE -----       3 Flashes
D26:  0.0400 x 0.0500 RECTANGLE -----       3 Flashes
D27:  0.0380 x 0.0320 RECTANGLE -----      46 Flashes
D28:  0.0710 x 0.0400 RECTANGLE -----       4 Flashes
D29:  0.1701 x 0.1181 RECTANGLE -----       1 Flashes
D30:  0.0177 x 0.0649 RECTANGLE -----      24 Flashes
D31:  0.0350 x 0.0250 RECTANGLE -----       2 Flashes
D32:  0.0250 x 0.0350 RECTANGLE -----       8 Flashes
D33:  0.0276 ROUND  --       0 Draws,      31 Flashes
D34:  0.0250 ROUND  --     120 Draws,       0 Flashes
D35:  0.0100 ROUND  --    2320 Draws,       0 Flashes
D36:  0.0080 ROUND  --     246 Draws,       1 Flashes
D37:  0.0170 ROUND  --      59 Draws,       0 Flashes
D38:  0.0276 ROUND  --       0 Draws,      35 Flashes
D39:  0.0200 ROUND  --      19 Draws,       0 Flashes
D40:  0.0060 ROUND  --      72 Draws,       0 Flashes
---------------------------------------------------------
 31 D-Codes      -----    2836 Draws,     237 Flashes

*********************************************************

Output file: D:\UTENTI\00.LAVORI IN CORSO\METALTRONICA\22-304A-0\22-304A-0.BOT

Aperture totals for D:\UTENTI\00.LAVORI IN CORSO\METALTRONICA\22-304A-0\22-304A-0.BOT:
---------------------------------------------------------
D10:  0.1260 ROUND  --       0 Draws,       2 Flashes
D23:  0.0590 SQUARE --       0 Draws,       3 Flashes
D24:  0.0590 ROUND  --       0 Draws,      21 Flashes
D31:  0.0350 x 0.0250 RECTANGLE -----       2 Flashes
D33:  0.0276 ROUND  --       0 Draws,      31 Flashes
D34:  0.0250 ROUND  --      22 Draws,       0 Flashes
D35:  0.0100 ROUND  --    1211 Draws,       0 Flashes
D36:  0.0080 ROUND  --      21 Draws,       0 Flashes
D38:  0.0276 ROUND  --       0 Draws,      34 Flashes
D39:  0.0200 ROUND  --       9 Draws,       0 Flashes
D40:  0.0060 ROUND  --      76 Draws,       0 Flashes
D41:  0.0276 ROUND  --       0 Draws,       1 Flashes
---------------------------------------------------------
 12 D-Codes      -----    1339 Draws,      94 Flashes

*********************************************************

Output file: D:\UTENTI\00.LAVORI IN CORSO\METALTRONICA\22-304A-0\22-304A-0.SMT

Aperture totals for D:\UTENTI\00.LAVORI IN CORSO\METALTRONICA\22-304A-0\22-304A-0.SMT:
---------------------------------------------------------
D10:  0.1260 ROUND  --       0 Draws,       2 Flashes
D12:  0.0380 x 0.0320 RECTANGLE -----       8 Flashes
D13:  0.0501 x 0.0404 RECTANGLE -----       4 Flashes
D14:  0.0630 x 0.1260 RECTANGLE -----       2 Flashes
D15:  0.0710 x 0.0400 RECTANGLE -----       2 Flashes
D16:  0.0550 x 0.0350 RECTANGLE -----       2 Flashes
D17:  0.0350 x 0.0550 RECTANGLE -----       2 Flashes
D18:  0.0550 x 0.0350 RECTANGLE -----       4 Flashes
D19:  0.0197 x 0.0315 RECTANGLE -----       4 Flashes
D20:  0.0501 x 0.0404 RECTANGLE -----       6 Flashes
D21:  0.0118 x 0.0472 RECTANGLE -----      14 Flashes
D22:  0.1063 x 0.1181 RECTANGLE -----       2 Flashes
D23:  0.0590 SQUARE --       0 Draws,       3 Flashes
D24:  0.0590 ROUND  --       0 Draws,      21 Flashes
D25:  0.0500 x 0.0400 RECTANGLE -----       3 Flashes
D26:  0.0400 x 0.0500 RECTANGLE -----       3 Flashes
D27:  0.0380 x 0.0320 RECTANGLE -----      46 Flashes
D28:  0.0710 x 0.0400 RECTANGLE -----       4 Flashes
D29:  0.1701 x 0.1181 RECTANGLE -----       1 Flashes
D30:  0.0177 x 0.0649 RECTANGLE -----      24 Flashes
D35:  0.0100 ROUND  --     204 Draws,       0 Flashes
D42:  0.0590 ROUND  --       0 Draws,       3 Flashes
---------------------------------------------------------
 22 D-Codes      -----     204 Draws,     160 Flashes

*********************************************************

Output file: D:\UTENTI\00.LAVORI IN CORSO\METALTRONICA\22-304A-0\22-304A-0.SMB

Aperture totals for D:\UTENTI\00.LAVORI IN CORSO\METALTRONICA\22-304A-0\22-304A-0.SMB:
---------------------------------------------------------
D10:  0.1260 ROUND  --       0 Draws,       2 Flashes
D23:  0.0590 SQUARE --       0 Draws,       3 Flashes
D24:  0.0590 ROUND  --       0 Draws,      21 Flashes
D35:  0.0100 ROUND  --     191 Draws,       0 Flashes
---------------------------------------------------------
  4 D-Codes      -----     191 Draws,      26 Flashes

*********************************************************

Output file: D:\UTENTI\00.LAVORI IN CORSO\METALTRONICA\22-304A-0\22-304A-0.SPT

Aperture totals for D:\UTENTI\00.LAVORI IN CORSO\METALTRONICA\22-304A-0\22-304A-0.SPT:
---------------------------------------------------------
D12:  0.0380 x 0.0320 RECTANGLE -----       8 Flashes
D13:  0.0501 x 0.0404 RECTANGLE -----       4 Flashes
D14:  0.0630 x 0.1260 RECTANGLE -----       2 Flashes
D15:  0.0710 x 0.0400 RECTANGLE -----       2 Flashes
D16:  0.0550 x 0.0350 RECTANGLE -----       2 Flashes
D17:  0.0350 x 0.0550 RECTANGLE -----       2 Flashes
D18:  0.0550 x 0.0350 RECTANGLE -----       4 Flashes
D19:  0.0197 x 0.0315 RECTANGLE -----       4 Flashes
D20:  0.0501 x 0.0404 RECTANGLE -----       6 Flashes
D21:  0.0118 x 0.0472 RECTANGLE -----      14 Flashes
D22:  0.1063 x 0.1181 RECTANGLE -----       2 Flashes
D25:  0.0500 x 0.0400 RECTANGLE -----       3 Flashes
D26:  0.0400 x 0.0500 RECTANGLE -----       3 Flashes
D27:  0.0380 x 0.0320 RECTANGLE -----      46 Flashes
D28:  0.0710 x 0.0400 RECTANGLE -----       4 Flashes
D29:  0.1701 x 0.1181 RECTANGLE -----       1 Flashes
D30:  0.0177 x 0.0649 RECTANGLE -----      24 Flashes
---------------------------------------------------------
 17 D-Codes      -----       0 Draws,     131 Flashes

*********************************************************

Output file: D:\UTENTI\00.LAVORI IN CORSO\METALTRONICA\22-304A-0\22-304A-0.SST

Aperture totals for D:\UTENTI\00.LAVORI IN CORSO\METALTRONICA\22-304A-0\22-304A-0.SST:
---------------------------------------------------------
D35:  0.0100 ROUND  --     170 Draws,       0 Flashes
D40:  0.0060 ROUND  --    1732 Draws,       0 Flashes
D43:  0.0079 ROUND  --       8 Draws,       0 Flashes
---------------------------------------------------------
  3 D-Codes      -----    1910 Draws,       0 Flashes

*********************************************************

Output file: D:\UTENTI\00.LAVORI IN CORSO\METALTRONICA\22-304A-0\22-304A-0.DRD

Aperture totals for D:\UTENTI\00.LAVORI IN CORSO\METALTRONICA\22-304A-0\22-304A-0.DRD:
---------------------------------------------------------
D35:  0.0100 ROUND  --     854 Draws,       0 Flashes
---------------------------------------------------------
  1 D-Codes      -----     854 Draws,       0 Flashes


*********************************************************

Aperture totals for entire project:
---------------------------------------------------------
D10:  0.1260 ROUND  --       0 Draws,       8 Flashes
D11:  0.0394 ROUND  --       0 Draws,       3 Flashes
D12:  0.0380 x 0.0320 RECTANGLE -----      24 Flashes
D13:  0.0501 x 0.0404 RECTANGLE -----      12 Flashes
D14:  0.0630 x 0.1260 RECTANGLE -----       6 Flashes
D15:  0.0710 x 0.0400 RECTANGLE -----       6 Flashes
D16:  0.0550 x 0.0350 RECTANGLE -----       6 Flashes
D17:  0.0350 x 0.0550 RECTANGLE -----       6 Flashes
D18:  0.0550 x 0.0350 RECTANGLE -----      12 Flashes
D19:  0.0197 x 0.0315 RECTANGLE -----      12 Flashes
D20:  0.0501 x 0.0404 RECTANGLE -----      18 Flashes
D21:  0.0118 x 0.0472 RECTANGLE -----      42 Flashes
D22:  0.1063 x 0.1181 RECTANGLE -----       6 Flashes
D23:  0.0590 SQUARE --       0 Draws,      12 Flashes
D24:  0.0590 ROUND  --       0 Draws,      84 Flashes
D25:  0.0500 x 0.0400 RECTANGLE -----       9 Flashes
D26:  0.0400 x 0.0500 RECTANGLE -----       9 Flashes
D27:  0.0380 x 0.0320 RECTANGLE -----     138 Flashes
D28:  0.0710 x 0.0400 RECTANGLE -----      12 Flashes
D29:  0.1701 x 0.1181 RECTANGLE -----       3 Flashes
D30:  0.0177 x 0.0649 RECTANGLE -----      72 Flashes
D31:  0.0350 x 0.0250 RECTANGLE -----       4 Flashes
D32:  0.0250 x 0.0350 RECTANGLE -----       8 Flashes
D33:  0.0276 ROUND  --       0 Draws,      62 Flashes
D34:  0.0250 ROUND  --     142 Draws,       0 Flashes
D35:  0.0100 ROUND  --    4950 Draws,       0 Flashes
D36:  0.0080 ROUND  --     267 Draws,       1 Flashes
D37:  0.0170 ROUND  --      59 Draws,       0 Flashes
D38:  0.0276 ROUND  --       0 Draws,      69 Flashes
D39:  0.0200 ROUND  --      28 Draws,       0 Flashes
D40:  0.0060 ROUND  --    1880 Draws,       0 Flashes
D41:  0.0276 ROUND  --       0 Draws,       1 Flashes
D42:  0.0590 ROUND  --       0 Draws,       3 Flashes
D43:  0.0079 ROUND  --       8 Draws,       0 Flashes
---------------------------------------------------------
 34 D-Codes      -----    7334 Draws,     648 Flashes


No warnings or errors.
